{
  "uid" : "1134c7cfa35dce54",
  "name" : "test_user_not_exists",
  "fullName" : "tests.enduser.test_login#test_user_not_exists",
  "historyId" : "1f9dfd66672c73b46bd461390f026237",
  "time" : {
    "start" : 1648640663920,
    "stop" : 1648640664295,
    "duration" : 375
  },
  "status" : "failed",
  "statusMessage" : "AssertionError: Unexpected code: 500",
  "statusTrace" : "def test_user_not_exists():\n>       PostLogin().request().verify(failed=True)\n\ntests/enduser/test_login.py:18: \n_ _ _ _ _ _ _ _ _ _ _ _ _ _ _ _ _ _ _ _ _ _ _ _ _ _ _ _ _ _ _ _ _ _ _ _ _ _ _ _ _ _ _ _ _ _ _ _ _ _ _ _ _ _ _ _ _ _\nqa/api/enduser/calls.py:34: in verify\n    self.verify_response(\n_ _ _ _ _ _ _ _ _ _ _ _ _ _ _ _ _ _ _ _ _ _ _ _ _ _ _ _ _ _ _ _ _ _ _ _ _ _ _ _ _ _ _ _ _ _ _ _ _ _ _ _ _ _ _ _ _ _\n\nself = <qa.api.enduser.calls.PostLogin object at 0x1042b0640>, error_code = 403, resp_body = {'successful': False}\nignore_order = False, exclude_paths = None, normalize = False\n\n    def verify_response(self, error_code=None, resp_body=None,\n                        ignore_order=False, exclude_paths=None,\n                        normalize=False):\n        if error_code:\n>           assert self.response.status_code == error_code, (\n                f'Unexpected code: {self.response.status_code}'\n            )\nE           AssertionError: Unexpected code: 500\n\nqa/tools/caller.py:83: AssertionError",
  "flaky" : false,
  "newFailed" : false,
  "newBroken" : false,
  "newPassed" : false,
  "retriesCount" : 0,
  "retriesStatusChange" : false,
  "beforeStages" : [ {
    "name" : "_session_faker",
    "time" : {
      "start" : 1648640640472,
      "stop" : 1648640640485,
      "duration" : 13
    },
    "status" : "passed",
    "steps" : [ ],
    "attachments" : [ ],
    "parameters" : [ ],
    "hasContent" : false,
    "stepsCount" : 0,
    "attachmentsCount" : 0,
    "shouldDisplayMessage" : false
  }, {
    "name" : "check_app_is_available",
    "time" : {
      "start" : 1648640640485,
      "stop" : 1648640654349,
      "duration" : 13864
    },
    "status" : "passed",
    "steps" : [ ],
    "attachments" : [ ],
    "parameters" : [ ],
    "hasContent" : false,
    "stepsCount" : 0,
    "attachmentsCount" : 0,
    "shouldDisplayMessage" : false
  }, {
    "name" : "truncate_db",
    "time" : {
      "start" : 1648640660168,
      "stop" : 1648640660380,
      "duration" : 212
    },
    "status" : "passed",
    "steps" : [ ],
    "attachments" : [ ],
    "parameters" : [ ],
    "hasContent" : false,
    "stepsCount" : 0,
    "attachmentsCount" : 0,
    "shouldDisplayMessage" : false
  } ],
  "afterStages" : [ ],
  "labels" : [ {
    "name" : "parentSuite",
    "value" : "tests.enduser"
  }, {
    "name" : "suite",
    "value" : "test_login"
  }, {
    "name" : "host",
    "value" : "Elenas-MacBook-Pro.local"
  }, {
    "name" : "thread",
    "value" : "59719-MainThread"
  }, {
    "name" : "framework",
    "value" : "pytest"
  }, {
    "name" : "language",
    "value" : "cpython3"
  }, {
    "name" : "package",
    "value" : "tests.enduser.test_login"
  }, {
    "name" : "resultFormat",
    "value" : "allure2"
  } ],
  "parameters" : [ ],
  "links" : [ ],
  "hidden" : false,
  "retry" : false,
  "extra" : {
    "severity" : "normal",
    "retries" : [ ],
    "categories" : [ {
      "name" : "Product defects",
      "matchedStatuses" : [ ],
      "flaky" : false
    } ],
    "tags" : [ ]
  },
  "source" : "1134c7cfa35dce54.json",
  "parameterValues" : [ ]
}